<?xml version="1.0" encoding="UTF-8"?>
<!-- Generated by org.testng.reporters.JUnitReportReporter -->
<testsuite hostname="DESKTOP-79NRQ8L" name="com.TestRunner.AnnotationClass" tests="1" failures="0" timestamp="4 Dec 2020 04:16:24 GMT" time="0.008" errors="0">
  <testcase name="m9" time="0.008" classname="com.TestRunner.AnnotationClass"/>
</testsuite> <!-- com.TestRunner.AnnotationClass -->
