<?xml version="1.0" encoding="UTF-8"?>
<!-- Generated by org.testng.reporters.JUnitReportReporter -->
<testsuite hostname="DESKTOP-79NRQ8L" name="com.TestRunner.Execution" tests="1" failures="0" timestamp="7 Dec 2020 16:34:57 GMT" time="15.503" errors="0">
  <testcase name="run" time="15.503" classname="com.TestRunner.Execution"/>
</testsuite> <!-- com.TestRunner.Execution -->
