<?xml version="1.0" encoding="UTF-8"?>
<!-- Generated by org.testng.reporters.JUnitReportReporter -->
<testsuite hostname="DESKTOP-79NRQ8L" name="com.TestRunner.TestngRealtime" tests="1" failures="0" timestamp="4 Dec 2020 04:16:24 GMT" time="0.057" errors="0">
  <testcase name="DashboardValidation" time="0.057" classname="com.TestRunner.TestngRealtime"/>
</testsuite> <!-- com.TestRunner.TestngRealtime -->
